# JRE version: Java(TM) SE Runtime Environment (8.0_131-b11) (build 1.8.0_131-b11)
# Java VM: Java HotSpot(TM) 64-Bit Server VM (25.131-b11 mixed mode linux-amd64 compressed oops)
Heap:
 PSYoungGen      total 142848K, used 0K [0x00000000f5580000, 0x0000000100000000, 0x0000000100000000)
  eden space 132608K, 0% used [0x00000000f5580000,0x00000000f5580000,0x00000000fd700000)
  from space 10240K, 0% used [0x00000000ff500000,0x00000000ff500000,0x00000000fff00000)
  to   space 20992K, 0% used [0x00000000fd700000,0x00000000fd700000,0x00000000feb80000)
 ParOldGen       total 215552K, used 148244K [0x00000000e0000000, 0x00000000ed280000, 0x00000000f5580000)
  object space 215552K, 68% used [0x00000000e0000000,0x00000000e90c5178,0x00000000ed280000)
 Metaspace       used 32187K, capacity 33078K, committed 33280K, reserved 1079296K
  class space    used 3330K, capacity 3540K, committed 3584K, reserved 1048576K
GC Heap History (10 events):
Event: 40,366 GC heap after
Heap after GC invocations=77 (full 3):
 PSYoungGen      total 158720K, used 1232K [0x00000000f5580000, 0x00000000ffd80000, 0x0000000100000000)
  eden space 147456K, 0% used [0x00000000f5580000,0x00000000f5580000,0x00000000fe580000)
  from space 11264K, 10% used [0x00000000ff280000,0x00000000ff3b4010,0x00000000ffd80000)
  to   space 12288K, 0% used [0x00000000fe580000,0x00000000fe580000,0x00000000ff180000)
 ParOldGen       total 215552K, used 183364K [0x00000000e0000000, 0x00000000ed280000, 0x00000000f5580000)
  object space 215552K, 85% used [0x00000000e0000000,0x00000000eb311140,0x00000000ed280000)
 Metaspace       used 31471K, capacity 32380K, committed 32512K, reserved 1079296K
  class space    used 3257K, capacity 3477K, committed 3584K, reserved 1048576K
}
Event: 40,984 GC heap before
{Heap before GC invocations=78 (full 3):
 PSYoungGen      total 158720K, used 148688K [0x00000000f5580000, 0x00000000ffd80000, 0x0000000100000000)
  eden space 147456K, 100% used [0x00000000f5580000,0x00000000fe580000,0x00000000fe580000)
  from space 11264K, 10% used [0x00000000ff280000,0x00000000ff3b4010,0x00000000ffd80000)
  to   space 12288K, 0% used [0x00000000fe580000,0x00000000fe580000,0x00000000ff180000)
 ParOldGen       total 215552K, used 183364K [0x00000000e0000000, 0x00000000ed280000, 0x00000000f5580000)
  object space 215552K, 85% used [0x00000000e0000000,0x00000000eb311140,0x00000000ed280000)
 Metaspace       used 31474K, capacity 32380K, committed 32512K, reserved 1079296K
  class space    used 3257K, capacity 3477K, committed 3584K, reserved 1048576K
Event: 40,995 GC heap after
Heap after GC invocations=78 (full 3):
 PSYoungGen      total 159744K, used 1200K [0x00000000f5580000, 0x0000000100000000, 0x0000000100000000)
  eden space 147456K, 0% used [0x00000000f5580000,0x00000000f5580000,0x00000000fe580000)
  from space 12288K, 9% used [0x00000000fe580000,0x00000000fe6ac050,0x00000000ff180000)
  to   space 11776K, 0% used [0x00000000ff480000,0x00000000ff480000,0x0000000100000000)
 ParOldGen       total 215552K, used 183388K [0x00000000e0000000, 0x00000000ed280000, 0x00000000f5580000)
  object space 215552K, 85% used [0x00000000e0000000,0x00000000eb317140,0x00000000ed280000)
 Metaspace       used 31474K, capacity 32380K, committed 32512K, reserved 1079296K
  class space    used 3257K, capacity 3477K, committed 3584K, reserved 1048576K
}
Event: 41,611 GC heap before
{Heap before GC invocations=79 (full 3):
 PSYoungGen      total 159744K, used 148656K [0x00000000f5580000, 0x0000000100000000, 0x0000000100000000)
  eden space 147456K, 100% used [0x00000000f5580000,0x00000000fe580000,0x00000000fe580000)
  from space 12288K, 9% used [0x00000000fe580000,0x00000000fe6ac050,0x00000000ff180000)
  to   space 11776K, 0% used [0x00000000ff480000,0x00000000ff480000,0x0000000100000000)
 ParOldGen       total 215552K, used 183388K [0x00000000e0000000, 0x00000000ed280000, 0x00000000f5580000)
  object space 215552K, 85% used [0x00000000e0000000,0x00000000eb317140,0x00000000ed280000)
 Metaspace       used 31474K, capacity 32380K, committed 32512K, reserved 1079296K
  class space    used 3257K, capacity 3477K, committed 3584K, reserved 1048576K
Event: 41,625 GC heap after
Heap after GC invocations=79 (full 3):
 PSYoungGen      total 160768K, used 1200K [0x00000000f5580000, 0x00000000ffe80000, 0x0000000100000000)
  eden space 150528K, 0% used [0x00000000f5580000,0x00000000f5580000,0x00000000fe880000)
  from space 10240K, 11% used [0x00000000ff480000,0x00000000ff5ac050,0x00000000ffe80000)
  to   space 11264K, 0% used [0x00000000fe880000,0x00000000fe880000,0x00000000ff380000)
 ParOldGen       total 215552K, used 183412K [0x00000000e0000000, 0x00000000ed280000, 0x00000000f5580000)
  object space 215552K, 85% used [0x00000000e0000000,0x00000000eb31d140,0x00000000ed280000)
 Metaspace       used 31474K, capacity 32380K, committed 32512K, reserved 1079296K
  class space    used 3257K, capacity 3477K, committed 3584K, reserved 1048576K
}
Event: 57,262 GC heap before
{Heap before GC invocations=80 (full 3):
 PSYoungGen      total 160768K, used 151728K [0x00000000f5580000, 0x00000000ffe80000, 0x0000000100000000)
  eden space 150528K, 100% used [0x00000000f5580000,0x00000000fe880000,0x00000000fe880000)
  from space 10240K, 11% used [0x00000000ff480000,0x00000000ff5ac050,0x00000000ffe80000)
  to   space 11264K, 0% used [0x00000000fe880000,0x00000000fe880000,0x00000000ff380000)
 ParOldGen       total 215552K, used 183412K [0x00000000e0000000, 0x00000000ed280000, 0x00000000f5580000)
  object space 215552K, 85% used [0x00000000e0000000,0x00000000eb31d140,0x00000000ed280000)
 Metaspace       used 31817K, capacity 32764K, committed 33024K, reserved 1079296K
  class space    used 3306K, capacity 3541K, committed 3584K, reserved 1048576K
Event: 57,399 GC heap after
Heap after GC invocations=80 (full 3):
 PSYoungGen      total 161792K, used 2393K [0x00000000f5580000, 0x00000000fff00000, 0x0000000100000000)
  eden space 150528K, 0% used [0x00000000f5580000,0x00000000f5580000,0x00000000fe880000)
  from space 11264K, 21% used [0x00000000fe880000,0x00000000fead6580,0x00000000ff380000)
  to   space 10240K, 0% used [0x00000000ff500000,0x00000000ff500000,0x00000000fff00000)
 ParOldGen       total 215552K, used 183428K [0x00000000e0000000, 0x00000000ed280000, 0x00000000f5580000)
  object space 215552K, 85% used [0x00000000e0000000,0x00000000eb321140,0x00000000ed280000)
 Metaspace       used 31817K, capacity 32764K, committed 33024K, reserved 1079296K
  class space    used 3306K, capacity 3541K, committed 3584K, reserved 1048576K
}
Event: 85,824 GC heap before
{Heap before GC invocations=81 (full 3):
 PSYoungGen      total 161792K, used 152921K [0x00000000f5580000, 0x00000000fff00000, 0x0000000100000000)
  eden space 150528K, 100% used [0x00000000f5580000,0x00000000fe880000,0x00000000fe880000)
  from space 11264K, 21% used [0x00000000fe880000,0x00000000fead6580,0x00000000ff380000)
  to   space 10240K, 0% used [0x00000000ff500000,0x00000000ff500000,0x00000000fff00000)
 ParOldGen       total 215552K, used 183428K [0x00000000e0000000, 0x00000000ed280000, 0x00000000f5580000)
  object space 215552K, 85% used [0x00000000e0000000,0x00000000eb321140,0x00000000ed280000)
 Metaspace       used 32191K, capacity 33084K, committed 33280K, reserved 1079296K
  class space    used 3331K, capacity 3541K, committed 3584K, reserved 1048576K
Event: 87,171 GC heap after
Heap after GC invocations=81 (full 3):
 PSYoungGen      total 142848K, used 10223K [0x00000000f5580000, 0x0000000100000000, 0x0000000100000000)
  eden space 132608K, 0% used [0x00000000f5580000,0x00000000f5580000,0x00000000fd700000)
  from space 10240K, 99% used [0x00000000ff500000,0x00000000ffefbdc8,0x00000000fff00000)
  to   space 20992K, 0% used [0x00000000fd700000,0x00000000fd700000,0x00000000feb80000)
 ParOldGen       total 215552K, used 206207K [0x00000000e0000000, 0x00000000ed280000, 0x00000000f5580000)
  object space 215552K, 95% used [0x00000000e0000000,0x00000000ec95fd90,0x00000000ed280000)
 Metaspace       used 32191K, capacity 33084K, committed 33280K, reserved 1079296K
  class space    used 3331K, capacity 3541K, committed 3584K, reserved 1048576K
}
Event: 87,979 GC heap before
{Heap before GC invocations=82 (full 4):
 PSYoungGen      total 142848K, used 10223K [0x00000000f5580000, 0x0000000100000000, 0x0000000100000000)
  eden space 132608K, 0% used [0x00000000f5580000,0x00000000f5580000,0x00000000fd700000)
  from space 10240K, 99% used [0x00000000ff500000,0x00000000ffefbdc8,0x00000000fff00000)
  to   space 20992K, 0% used [0x00000000fd700000,0x00000000fd700000,0x00000000feb80000)
 ParOldGen       total 215552K, used 206207K [0x00000000e0000000, 0x00000000ed280000, 0x00000000f5580000)
  object space 215552K, 95% used [0x00000000e0000000,0x00000000ec95fd90,0x00000000ed280000)
 Metaspace       used 32191K, capacity 33084K, committed 33280K, reserved 1079296K
  class space    used 3331K, capacity 3541K, committed 3584K, reserved 1048576K

